Построение начато 02.02.2025 16:45:28.
     1>Проект "E:\documents\C++\Другое\KmToMile(WindowsApp)\KmToMile(WindowsApp)\KmToMile(WindowsApp).vcxproj" в узле 2 (целевые объекты build).
     1>InitializeBuildStatus:
         Создание "Release\KmToMile(WindowsApp).unsuccessfulbuild", так как было задано "AlwaysCreate".
       GenerateTargetFrameworkMonikerAttribute:
       Целевой объект "GenerateTargetFrameworkMonikerAttribute" пропускается, так как все выходные файлы актуальны по отношению к входным.
       ClCompile:
         Для всех выходных данных обновления не требуется.
         Для всех выходных данных обновления не требуется.
         Для всех выходных данных обновления не требуется.
       CoreResGen:
         Отсутствуют ресурсы, устаревшие по отношению к файлам своих источников. Пропуск формирования ресурсов.
       ResourceCompile:
         Для всех выходных данных обновления не требуется.
       Link:
         c:\Program Files (x86)\Microsoft Visual Studio 10.0\VC\bin\link.exe /ERRORREPORT:PROMPT /OUT:"E:\documents\C++\Другое\KmToMile(WindowsApp)\Release\KmToMile(WindowsApp).exe" /INCREMENTAL:NO /NOLOGO /ASSEMBLYRESOURCE:Release\KmToMileWindowsApp.Form1.resources /MANIFEST /ManifestFile:"Release\KmToMile(WindowsApp).exe.intermediate.manifest" /MANIFESTUAC:"level='asInvoker' uiAccess='false'" /DEBUG /PDB:"E:\documents\C++\Другое\KmToMile(WindowsApp)\Release\KmToMile(WindowsApp).pdb" /SUBSYSTEM:WINDOWS /TLBID:1 /ENTRY:"main" /DYNAMICBASE /FIXED:NO /NXCOMPAT /MACHINE:X86 Release\app.res
         Release\AssemblyInfo.obj
         "Release\KmToMile(WindowsApp).obj"
         Release\stdafx.obj
         "Release\.NETFramework,Version=v4.0.AssemblyAttributes.obj"
         KmToMile(WindowsApp).vcxproj -> E:\documents\C++\Другое\KmToMile(WindowsApp)\Release\KmToMile(WindowsApp).exe
       Manifest:
         c:\Program Files (x86)\Microsoft SDKs\Windows\v7.0A\bin\mt.exe /nologo /verbose /outputresource:"E:\documents\C++\Другое\KmToMile(WindowsApp)\Release\KmToMile(WindowsApp).exe;#1" /manifest "Release\KmToMile(WindowsApp).exe.intermediate.manifest"
       FinalizeBuildStatus:
         Файл "Release\KmToMile(WindowsApp).unsuccessfulbuild" удаляется.
         Обращение к "Release\KmToMile(WindowsApp).lastbuildstate".
     1>Построение проекта "E:\documents\C++\Другое\KmToMile(WindowsApp)\KmToMile(WindowsApp)\KmToMile(WindowsApp).vcxproj" завершено (целевые объекты build).

Построение успешно завершено.

Затраченное время: 00:00:01.17
